<?xml version="1.0" encoding="UTF-8"?>
<!-- Generated by org.testng.reporters.JUnitReportReporter -->
<testsuite skipped="0" hostname="Begimais-MacBook-Pro.local" name="restapi.testing.users.JSONPath_Practice" tests="2" failures="0" timestamp="29 Aug 2018 00:51:25 GMT" time="1.839" errors="0">
  <testcase name="getAllDriverFirstName" time="1.394" classname="restapi.testing.users.JSONPath_Practice"/>
  <testcase name="simpleGetRequest" time="0.445" classname="restapi.testing.users.JSONPath_Practice"/>
</testsuite> <!-- restapi.testing.users.JSONPath_Practice -->
