<?xml version="1.0" encoding="UTF-8"?>
<!-- Generated by org.testng.reporters.JUnitReportReporter -->
<testsuite skipped="0" hostname="Begimais-MacBook-Pro.local" name="restapi.testing.users.CustomSerializeDeserialize" tests="1" failures="0" timestamp="30 Aug 2018 01:16:59 GMT" time="0.210" errors="0">
  <testcase name="test" time="0.210" classname="restapi.testing.users.CustomSerializeDeserialize"/>
</testsuite> <!-- restapi.testing.users.CustomSerializeDeserialize -->
