<?xml version="1.0" encoding="UTF-8"?>
<!-- Generated by org.testng.reporters.JUnitReportReporter -->
<testsuite skipped="0" hostname="Begimais-MacBook-Pro.local" name="rest.api.testing.RestAPITesting" tests="1" failures="0" timestamp="23 Aug 2018 01:51:10 GMT" time="1.305" errors="0">
  <testcase name="myOwnPostTest" time="1.305" classname="rest.api.testing.RestAPITesting"/>
</testsuite> <!-- rest.api.testing.RestAPITesting -->
