<?xml version="1.0" encoding="UTF-8"?>
<!-- Generated by org.testng.reporters.JUnitReportReporter -->
<testsuite skipped="0" hostname="Begimais-MacBook-Pro.local" name="restapi.testing.users.JsonDataBind" tests="3" failures="0" timestamp="29 Aug 2018 15:19:58 GMT" time="0.315" errors="0">
  <testcase name="databindTestWithCollection" time="0.025" classname="restapi.testing.users.JsonDataBind"/>
  <testcase name="databindTest" time="0.009" classname="restapi.testing.users.JsonDataBind"/>
  <testcase name="convertJsonToJavaObject" time="0.281" classname="restapi.testing.users.JsonDataBind"/>
</testsuite> <!-- restapi.testing.users.JsonDataBind -->
